listen 8014
get private key error
error
listen 8014
events.js:136
      throw er; // Unhandled 'error' event
      ^

Error: listen EADDRINUSE :::8014
    at Object._errnoException (util.js:1031:13)
    at _exceptionWithHostPort (util.js:1052:20)
    at Server.setupListenHandle [as _listen2] (net.js:1367:14)
    at listenInCluster (net.js:1408:12)
    at Server.listen (net.js:1496:7)
    at Function.listen (/Applications/MAMP/htdocs/bot-learn/node_modules/express/lib/application.js:618:24)
    at Object.<anonymous> (/Applications/MAMP/htdocs/bot-learn/index.js:63:4)
    at Module._compile (module.js:641:30)
    at Object.Module._extensions..js (module.js:652:10)
    at Module.load (module.js:560:32)
get private key error
error
get private key error
error
